  CLIOS.cpp
D:\code\cpp\CLIOS\CLIOS\CLIOS.cpp(5,1): warning C4010: однострочный комментарий содержит знак объединения строк
D:\code\cpp\CLIOS\CLIOS\CLIOS.cpp(6,1): warning C4010: однострочный комментарий содержит знак объединения строк
D:\code\cpp\CLIOS\CLIOS\CLIOS.cpp(8,1): warning C4010: однострочный комментарий содержит знак объединения строк
D:\code\cpp\CLIOS\CLIOS\CLIOS.cpp(9,1): warning C4010: однострочный комментарий содержит знак объединения строк
D:\code\cpp\CLIOS\CLIOS\CLIOS.cpp(11,1): warning C4010: однострочный комментарий содержит знак объединения строк
D:\code\cpp\CLIOS\CLIOS\CLIOS.cpp(12,1): warning C4010: однострочный комментарий содержит знак объединения строк
D:\code\cpp\CLIOS\CLIOS\CLIOS.cpp(13,1): warning C4010: однострочный комментарий содержит знак объединения строк
D:\code\cpp\CLIOS\CLIOS\CLIOS.cpp(14,1): warning C4010: однострочный комментарий содержит знак объединения строк
D:\code\cpp\CLIOS\CLIOS\CLIOS.cpp(15,1): warning C4010: однострочный комментарий содержит знак объединения строк
D:\code\cpp\CLIOS\CLIOS\CLIOS.cpp(16,1): warning C4010: однострочный комментарий содержит знак объединения строк
D:\code\cpp\CLIOS\CLIOS\CLIOS.cpp(17,1): warning C4010: однострочный комментарий содержит знак объединения строк
D:\code\cpp\CLIOS\CLIOS\CLIOS.cpp(18,1): warning C4010: однострочный комментарий содержит знак объединения строк
D:\code\cpp\CLIOS\CLIOS\CLIOS.cpp(19,1): warning C4010: однострочный комментарий содержит знак объединения строк
D:\code\cpp\CLIOS\CLIOS\CLIOS.cpp(20,1): warning C4010: однострочный комментарий содержит знак объединения строк
D:\code\cpp\CLIOS\CLIOS\CLIOS.cpp(21,1): warning C4010: однострочный комментарий содержит знак объединения строк
D:\code\cpp\CLIOS\CLIOS\CLIOS.cpp(22,1): warning C4010: однострочный комментарий содержит знак объединения строк
D:\code\cpp\CLIOS\CLIOS\CLIOS.cpp(23,1): warning C4010: однострочный комментарий содержит знак объединения строк
D:\code\cpp\CLIOS\CLIOS\CLIOS.cpp(24,1): warning C4010: однострочный комментарий содержит знак объединения строк
D:\code\cpp\CLIOS\CLIOS\CLIOS.cpp(25,1): warning C4010: однострочный комментарий содержит знак объединения строк
D:\code\cpp\CLIOS\CLIOS\CLIOS.cpp(26,1): warning C4010: однострочный комментарий содержит знак объединения строк
D:\code\cpp\CLIOS\CLIOS\CLIOS.cpp(27,1): warning C4010: однострочный комментарий содержит знак объединения строк
D:\code\cpp\CLIOS\CLIOS\CLIOS.cpp(28,1): warning C4010: однострочный комментарий содержит знак объединения строк
D:\code\cpp\CLIOS\CLIOS\CLIOS.cpp(29,1): warning C4010: однострочный комментарий содержит знак объединения строк
D:\code\cpp\CLIOS\CLIOS\CLIOS.cpp(31,1): warning C4010: однострочный комментарий содержит знак объединения строк
D:\code\cpp\CLIOS\CLIOS\CLIOS.cpp(33,1): warning C4010: однострочный комментарий содержит знак объединения строк
D:\code\cpp\CLIOS\CLIOS\CLIOS.cpp(34,1): warning C4010: однострочный комментарий содержит знак объединения строк
D:\code\cpp\CLIOS\CLIOS\CLIOS.cpp(35,1): warning C4010: однострочный комментарий содержит знак объединения строк
D:\code\cpp\CLIOS\CLIOS\CLIOS.cpp(36,1): warning C4010: однострочный комментарий содержит знак объединения строк
D:\code\cpp\CLIOS\CLIOS\CLIOS.cpp(37,1): warning C4010: однострочный комментарий содержит знак объединения строк
D:\code\cpp\CLIOS\CLIOS\CLIOS.cpp(38,1): warning C4010: однострочный комментарий содержит знак объединения строк
D:\code\cpp\CLIOS\CLIOS\CLIOS.cpp(39,1): warning C4010: однострочный комментарий содержит знак объединения строк
D:\code\cpp\CLIOS\CLIOS\CLIOS.cpp(40,1): warning C4010: однострочный комментарий содержит знак объединения строк
D:\code\cpp\CLIOS\CLIOS\CLIOS.cpp(41,1): warning C4010: однострочный комментарий содержит знак объединения строк
D:\code\cpp\CLIOS\CLIOS\CLIOS.cpp(42,1): warning C4010: однострочный комментарий содержит знак объединения строк
D:\code\cpp\CLIOS\CLIOS\CLIOS.cpp(43,1): warning C4010: однострочный комментарий содержит знак объединения строк
D:\code\cpp\CLIOS\CLIOS\CLIOS.cpp(44,1): warning C4010: однострочный комментарий содержит знак объединения строк
D:\code\cpp\CLIOS\CLIOS\CLIOS.cpp(46,1): warning C4010: однострочный комментарий содержит знак объединения строк
D:\code\cpp\CLIOS\CLIOS\CLIOS.cpp(47,1): warning C4010: однострочный комментарий содержит знак объединения строк
D:\code\cpp\CLIOS\CLIOS\CLIOS.cpp(48,1): warning C4010: однострочный комментарий содержит знак объединения строк
D:\code\cpp\CLIOS\CLIOS\CLIOS.cpp(49,1): warning C4010: однострочный комментарий содержит знак объединения строк
D:\code\cpp\CLIOS\CLIOS\CLIOS.cpp(50,1): warning C4010: однострочный комментарий содержит знак объединения строк
D:\code\cpp\CLIOS\CLIOS\CLIOS.cpp(51,1): warning C4010: однострочный комментарий содержит знак объединения строк
D:\code\cpp\CLIOS\CLIOS\CLIOS.cpp(52,1): warning C4010: однострочный комментарий содержит знак объединения строк
D:\code\cpp\CLIOS\CLIOS\CLIOS.cpp(53,1): warning C4010: однострочный комментарий содержит знак объединения строк
D:\code\cpp\CLIOS\CLIOS\CLIOS.cpp(54,1): warning C4010: однострочный комментарий содержит знак объединения строк
D:\code\cpp\CLIOS\CLIOS\CLIOS.cpp(56,1): warning C4010: однострочный комментарий содержит знак объединения строк
D:\code\cpp\CLIOS\CLIOS\CLIOS.cpp(58,1): warning C4010: однострочный комментарий содержит знак объединения строк
D:\code\cpp\CLIOS\CLIOS\CLIOS.cpp(62,9): error C2400: синтаксическая ошибка во встроенном коде на языке ассемблера в "код операции"; обнаружено "input"
D:\code\cpp\CLIOS\CLIOS\CLIOS.cpp(88,15): error C2065: login: необъявленный идентификатор
D:\code\cpp\CLIOS\CLIOS\CLIOS.cpp(88,22): error C2065: password: необъявленный идентификатор
D:\code\cpp\CLIOS\CLIOS\CLIOS.cpp(93,18): error C2065: login: необъявленный идентификатор
D:\code\cpp\CLIOS\CLIOS\CLIOS.cpp(94,16): error C2065: input: необъявленный идентификатор
D:\code\cpp\CLIOS\CLIOS\CLIOS.cpp(95,23): error C2065: input: необъявленный идентификатор
D:\code\cpp\CLIOS\CLIOS\CLIOS.cpp(96,4): error C2065: input: необъявленный идентификатор
D:\code\cpp\CLIOS\CLIOS\CLIOS.cpp(96,23): error C2065: input: необъявленный идентификатор
D:\code\cpp\CLIOS\CLIOS\CLIOS.cpp(98,7): error C2065: input: необъявленный идентификатор
D:\code\cpp\CLIOS\CLIOS\CLIOS.cpp(100,8): error C2065: input: необъявленный идентификатор
D:\code\cpp\CLIOS\CLIOS\CLIOS.cpp(100,41): error C2065: login: необъявленный идентификатор
